<?xml version="1.0" encoding="UTF-8"?>
<coverage generated="1595887989433" clover="3.2.0">
  <project timestamp="1595887989433" name="All files">
    <metrics statements="31" coveredstatements="30" conditionals="6" coveredconditionals="5" methods="4" coveredmethods="4" elements="41" coveredelements="39" complexity="0" loc="31" ncloc="31" packages="1" files="1" classes="1"/>
    <file name="validator.js" path="E:\Mis Documentos\Laboratoria\LIM013-card-validation\src\validator.js">
      <metrics statements="31" coveredstatements="30" conditionals="6" coveredconditionals="5" methods="4" coveredmethods="4"/>
      <line num="1" count="1" type="stmt"/>
      <line num="6" count="1" type="stmt"/>
      <line num="9" count="1" type="stmt"/>
      <line num="10" count="1" type="stmt"/>
      <line num="11" count="1" type="stmt"/>
      <line num="12" count="1" type="stmt"/>
      <line num="15" count="1" type="stmt"/>
      <line num="18" count="13" type="cond" truecount="2" falsecount="0"/>
      <line num="21" count="7" type="cond" truecount="2" falsecount="0"/>
      <line num="24" count="2" type="stmt"/>
      <line num="25" count="2" type="stmt"/>
      <line num="26" count="2" type="stmt"/>
      <line num="27" count="2" type="stmt"/>
      <line num="31" count="2" type="stmt"/>
      <line num="37" count="5" type="stmt"/>
      <line num="44" count="6" type="stmt"/>
      <line num="50" count="1" type="stmt"/>
      <line num="51" count="1" type="stmt"/>
      <line num="52" count="1" type="stmt"/>
      <line num="53" count="12" type="stmt"/>
      <line num="59" count="1" type="cond" truecount="1" falsecount="1"/>
      <line num="60" count="0" type="stmt"/>
      <line num="63" count="1" type="stmt"/>
      <line num="71" count="1" type="stmt"/>
      <line num="74" count="1" type="stmt"/>
      <line num="75" count="1" type="stmt"/>
      <line num="78" count="1" type="stmt"/>
      <line num="80" count="12" type="stmt"/>
      <line num="84" count="1" type="stmt"/>
      <line num="87" count="1" type="stmt"/>
      <line num="88" count="1" type="stmt"/>
    </file>
  </project>
</coverage>
