<?xml version="1.0" encoding="UTF-8"?>
<coverage generated="1596133017103" clover="3.2.0">
  <project timestamp="1596133017104" name="All files">
    <metrics statements="32" coveredstatements="32" conditionals="6" coveredconditionals="6" methods="4" coveredmethods="4" elements="42" coveredelements="42" complexity="0" loc="32" ncloc="32" packages="1" files="1" classes="1"/>
    <file name="validator.js" path="E:\Mis Documentos\Laboratoria\LIM013-card-validation\src\validator.js">
      <metrics statements="32" coveredstatements="32" conditionals="6" coveredconditionals="6" methods="4" coveredmethods="4"/>
      <line num="1" count="1" type="stmt"/>
      <line num="6" count="3" type="stmt"/>
      <line num="9" count="3" type="stmt"/>
      <line num="10" count="3" type="stmt"/>
      <line num="11" count="3" type="stmt"/>
      <line num="12" count="3" type="stmt"/>
      <line num="15" count="3" type="stmt"/>
      <line num="18" count="42" type="cond" truecount="2" falsecount="0"/>
      <line num="21" count="21" type="cond" truecount="2" falsecount="0"/>
      <line num="24" count="12" type="stmt"/>
      <line num="25" count="12" type="stmt"/>
      <line num="26" count="12" type="stmt"/>
      <line num="27" count="12" type="stmt"/>
      <line num="31" count="12" type="stmt"/>
      <line num="37" count="9" type="stmt"/>
      <line num="44" count="21" type="stmt"/>
      <line num="50" count="3" type="stmt"/>
      <line num="51" count="3" type="stmt"/>
      <line num="52" count="3" type="stmt"/>
      <line num="53" count="39" type="stmt"/>
      <line num="55" count="3" type="stmt"/>
      <line num="60" count="3" type="cond" truecount="2" falsecount="0"/>
      <line num="61" count="2" type="stmt"/>
      <line num="64" count="1" type="stmt"/>
      <line num="73" count="3" type="stmt"/>
      <line num="76" count="3" type="stmt"/>
      <line num="77" count="3" type="stmt"/>
      <line num="80" count="3" type="stmt"/>
      <line num="82" count="18" type="stmt"/>
      <line num="86" count="3" type="stmt"/>
      <line num="89" count="3" type="stmt"/>
      <line num="90" count="3" type="stmt"/>
    </file>
  </project>
</coverage>
