{"E:\\Mis Documentos\\Laboratoria\\LIM013-card-validation\\src\\validator.js": {"path":"E:\\Mis Documentos\\Laboratoria\\LIM013-card-validation\\src\\validator.js","statementMap":{"0":{"start":{"line":1,"column":18},"end":{"line":93,"column":1}},"1":{"start":{"line":6,"column":23},"end":{"line":6,"column":45}},"2":{"start":{"line":9,"column":25},"end":{"line":9,"column":27}},"3":{"start":{"line":10,"column":21},"end":{"line":10,"column":23}},"4":{"start":{"line":11,"column":16},"end":{"line":11,"column":18}},"5":{"start":{"line":12,"column":18},"end":{"line":12,"column":20}},"6":{"start":{"line":15,"column":2},"end":{"line":47,"column":5}},"7":{"start":{"line":15,"column":15},"end":{"line":15,"column":16}},"8":{"start":{"line":18,"column":6},"end":{"line":45,"column":9}},"9":{"start":{"line":21,"column":8},"end":{"line":39,"column":11}},"10":{"start":{"line":24,"column":27},"end":{"line":24,"column":54}},"11":{"start":{"line":25,"column":8},"end":{"line":25,"column":46}},"12":{"start":{"line":26,"column":8},"end":{"line":28,"column":13}},"13":{"start":{"line":27,"column":14},"end":{"line":27,"column":47}},"14":{"start":{"line":31,"column":8},"end":{"line":31,"column":41}},"15":{"start":{"line":37,"column":12},"end":{"line":37,"column":50}},"16":{"start":{"line":44,"column":10},"end":{"line":44,"column":39}},"17":{"start":{"line":50,"column":4},"end":{"line":50,"column":55}},"18":{"start":{"line":51,"column":4},"end":{"line":51,"column":36}},"19":{"start":{"line":52,"column":4},"end":{"line":54,"column":9}},"20":{"start":{"line":53,"column":4},"end":{"line":53,"column":37}},"21":{"start":{"line":55,"column":6},"end":{"line":55,"column":33}},"22":{"start":{"line":60,"column":4},"end":{"line":65,"column":7}},"23":{"start":{"line":61,"column":8},"end":{"line":61,"column":20}},"24":{"start":{"line":64,"column":8},"end":{"line":64,"column":20}},"25":{"start":{"line":73,"column":17},"end":{"line":73,"column":39}},"26":{"start":{"line":76,"column":17},"end":{"line":76,"column":19}},"27":{"start":{"line":77,"column":16},"end":{"line":77,"column":18}},"28":{"start":{"line":80,"column":4},"end":{"line":83,"column":5}},"29":{"start":{"line":80,"column":17},"end":{"line":80,"column":18}},"30":{"start":{"line":82,"column":6},"end":{"line":82,"column":22}},"31":{"start":{"line":86,"column":4},"end":{"line":86,"column":29}},"32":{"start":{"line":89,"column":4},"end":{"line":89,"column":32}},"33":{"start":{"line":90,"column":4},"end":{"line":90,"column":17}}},"fnMap":{"0":{"name":"(anonymous_0)","decl":{"start":{"line":3,"column":11},"end":{"line":3,"column":12}},"loc":{"start":{"line":3,"column":35},"end":{"line":67,"column":3}},"line":3},"1":{"name":"(anonymous_1)","decl":{"start":{"line":26,"column":43},"end":{"line":26,"column":44}},"loc":{"start":{"line":26,"column":53},"end":{"line":28,"column":11}},"line":26},"2":{"name":"(anonymous_2)","decl":{"start":{"line":52,"column":33},"end":{"line":52,"column":34}},"loc":{"start":{"line":52,"column":43},"end":{"line":54,"column":7}},"line":52},"3":{"name":"(anonymous_3)","decl":{"start":{"line":70,"column":11},"end":{"line":70,"column":12}},"loc":{"start":{"line":70,"column":34},"end":{"line":92,"column":3}},"line":70}},"branchMap":{"0":{"loc":{"start":{"line":18,"column":6},"end":{"line":45,"column":9}},"type":"if","locations":[{"start":{"line":18,"column":6},"end":{"line":45,"column":9}},{"start":{"line":18,"column":6},"end":{"line":45,"column":9}}],"line":18},"1":{"loc":{"start":{"line":21,"column":8},"end":{"line":39,"column":11}},"type":"if","locations":[{"start":{"line":21,"column":8},"end":{"line":39,"column":11}},{"start":{"line":21,"column":8},"end":{"line":39,"column":11}}],"line":21},"2":{"loc":{"start":{"line":60,"column":4},"end":{"line":65,"column":7}},"type":"if","locations":[{"start":{"line":60,"column":4},"end":{"line":65,"column":7}},{"start":{"line":60,"column":4},"end":{"line":65,"column":7}}],"line":60}},"s":{"0":1,"1":3,"2":3,"3":3,"4":3,"5":3,"6":3,"7":3,"8":42,"9":21,"10":12,"11":12,"12":12,"13":12,"14":12,"15":9,"16":21,"17":3,"18":3,"19":3,"20":39,"21":3,"22":3,"23":2,"24":1,"25":3,"26":3,"27":3,"28":3,"29":3,"30":18,"31":3,"32":3,"33":3},"f":{"0":3,"1":12,"2":39,"3":3},"b":{"0":[21,21],"1":[12,9],"2":[2,1]},"_coverageSchema":"43e27e138ebf9cfc5966b082cf9a028302ed4184","hash":"43951d97a2a78c5ecaa2541d0f6ef773ce88cff0"}
}
