{"E:\\Mis Documentos\\Laboratoria\\LIM013-card-validation\\src\\validator.js": {"path":"E:\\Mis Documentos\\Laboratoria\\LIM013-card-validation\\src\\validator.js","statementMap":{"0":{"start":{"line":1,"column":18},"end":{"line":91,"column":1}},"1":{"start":{"line":6,"column":23},"end":{"line":6,"column":45}},"2":{"start":{"line":9,"column":25},"end":{"line":9,"column":27}},"3":{"start":{"line":10,"column":21},"end":{"line":10,"column":23}},"4":{"start":{"line":11,"column":16},"end":{"line":11,"column":18}},"5":{"start":{"line":12,"column":18},"end":{"line":12,"column":20}},"6":{"start":{"line":15,"column":2},"end":{"line":47,"column":5}},"7":{"start":{"line":15,"column":15},"end":{"line":15,"column":16}},"8":{"start":{"line":18,"column":6},"end":{"line":45,"column":9}},"9":{"start":{"line":21,"column":8},"end":{"line":39,"column":11}},"10":{"start":{"line":24,"column":27},"end":{"line":24,"column":54}},"11":{"start":{"line":25,"column":8},"end":{"line":25,"column":46}},"12":{"start":{"line":26,"column":8},"end":{"line":28,"column":13}},"13":{"start":{"line":27,"column":14},"end":{"line":27,"column":47}},"14":{"start":{"line":31,"column":8},"end":{"line":31,"column":41}},"15":{"start":{"line":37,"column":12},"end":{"line":37,"column":50}},"16":{"start":{"line":44,"column":10},"end":{"line":44,"column":39}},"17":{"start":{"line":50,"column":4},"end":{"line":50,"column":55}},"18":{"start":{"line":51,"column":4},"end":{"line":51,"column":36}},"19":{"start":{"line":52,"column":4},"end":{"line":54,"column":9}},"20":{"start":{"line":53,"column":4},"end":{"line":53,"column":37}},"21":{"start":{"line":59,"column":4},"end":{"line":64,"column":7}},"22":{"start":{"line":60,"column":8},"end":{"line":60,"column":20}},"23":{"start":{"line":63,"column":8},"end":{"line":63,"column":20}},"24":{"start":{"line":71,"column":17},"end":{"line":71,"column":39}},"25":{"start":{"line":74,"column":17},"end":{"line":74,"column":19}},"26":{"start":{"line":75,"column":16},"end":{"line":75,"column":18}},"27":{"start":{"line":78,"column":4},"end":{"line":81,"column":5}},"28":{"start":{"line":78,"column":17},"end":{"line":78,"column":18}},"29":{"start":{"line":80,"column":6},"end":{"line":80,"column":22}},"30":{"start":{"line":84,"column":4},"end":{"line":84,"column":29}},"31":{"start":{"line":87,"column":4},"end":{"line":87,"column":32}},"32":{"start":{"line":88,"column":4},"end":{"line":88,"column":17}}},"fnMap":{"0":{"name":"(anonymous_0)","decl":{"start":{"line":3,"column":11},"end":{"line":3,"column":12}},"loc":{"start":{"line":3,"column":35},"end":{"line":66,"column":3}},"line":3},"1":{"name":"(anonymous_1)","decl":{"start":{"line":26,"column":43},"end":{"line":26,"column":44}},"loc":{"start":{"line":26,"column":53},"end":{"line":28,"column":11}},"line":26},"2":{"name":"(anonymous_2)","decl":{"start":{"line":52,"column":33},"end":{"line":52,"column":34}},"loc":{"start":{"line":52,"column":43},"end":{"line":54,"column":7}},"line":52},"3":{"name":"(anonymous_3)","decl":{"start":{"line":68,"column":11},"end":{"line":68,"column":12}},"loc":{"start":{"line":68,"column":34},"end":{"line":90,"column":3}},"line":68}},"branchMap":{"0":{"loc":{"start":{"line":18,"column":6},"end":{"line":45,"column":9}},"type":"if","locations":[{"start":{"line":18,"column":6},"end":{"line":45,"column":9}},{"start":{"line":18,"column":6},"end":{"line":45,"column":9}}],"line":18},"1":{"loc":{"start":{"line":21,"column":8},"end":{"line":39,"column":11}},"type":"if","locations":[{"start":{"line":21,"column":8},"end":{"line":39,"column":11}},{"start":{"line":21,"column":8},"end":{"line":39,"column":11}}],"line":21},"2":{"loc":{"start":{"line":59,"column":4},"end":{"line":64,"column":7}},"type":"if","locations":[{"start":{"line":59,"column":4},"end":{"line":64,"column":7}},{"start":{"line":59,"column":4},"end":{"line":64,"column":7}}],"line":59}},"s":{"0":1,"1":1,"2":1,"3":1,"4":1,"5":1,"6":1,"7":1,"8":13,"9":7,"10":2,"11":2,"12":2,"13":2,"14":2,"15":5,"16":6,"17":1,"18":1,"19":1,"20":12,"21":1,"22":0,"23":1,"24":1,"25":1,"26":1,"27":1,"28":1,"29":12,"30":1,"31":1,"32":1},"f":{"0":1,"1":2,"2":12,"3":1},"b":{"0":[7,6],"1":[2,5],"2":[0,1]},"_coverageSchema":"43e27e138ebf9cfc5966b082cf9a028302ed4184","hash":"daeb0250793af59d08e35d22883cc7b38a230e19"}
}
