TN:
SF:E:\Mis Documentos\Laboratoria\LIM013-card-validation\src\validator.js
FN:3,(anonymous_0)
FN:26,(anonymous_1)
FN:52,(anonymous_2)
FN:70,(anonymous_3)
FNF:4
FNH:4
FNDA:3,(anonymous_0)
FNDA:12,(anonymous_1)
FNDA:39,(anonymous_2)
FNDA:3,(anonymous_3)
DA:1,1
DA:6,3
DA:9,3
DA:10,3
DA:11,3
DA:12,3
DA:15,3
DA:18,42
DA:21,21
DA:24,12
DA:25,12
DA:26,12
DA:27,12
DA:31,12
DA:37,9
DA:44,21
DA:50,3
DA:51,3
DA:52,3
DA:53,39
DA:55,3
DA:60,3
DA:61,2
DA:64,1
DA:73,3
DA:76,3
DA:77,3
DA:80,3
DA:82,18
DA:86,3
DA:89,3
DA:90,3
LF:32
LH:32
BRDA:18,0,0,21
BRDA:18,0,1,21
BRDA:21,1,0,12
BRDA:21,1,1,9
BRDA:60,2,0,2
BRDA:60,2,1,1
BRF:6
BRH:6
end_of_record
