TN:
SF:E:\Mis Documentos\Laboratoria\LIM013-card-validation\src\validator.js
FN:3,(anonymous_0)
FN:26,(anonymous_1)
FN:52,(anonymous_2)
FN:68,(anonymous_3)
FNF:4
FNH:4
FNDA:1,(anonymous_0)
FNDA:2,(anonymous_1)
FNDA:12,(anonymous_2)
FNDA:1,(anonymous_3)
DA:1,1
DA:6,1
DA:9,1
DA:10,1
DA:11,1
DA:12,1
DA:15,1
DA:18,13
DA:21,7
DA:24,2
DA:25,2
DA:26,2
DA:27,2
DA:31,2
DA:37,5
DA:44,6
DA:50,1
DA:51,1
DA:52,1
DA:53,12
DA:59,1
DA:60,0
DA:63,1
DA:71,1
DA:74,1
DA:75,1
DA:78,1
DA:80,12
DA:84,1
DA:87,1
DA:88,1
LF:31
LH:30
BRDA:18,0,0,7
BRDA:18,0,1,6
BRDA:21,1,0,2
BRDA:21,1,1,5
BRDA:59,2,0,0
BRDA:59,2,1,1
BRF:6
BRH:5
end_of_record
